<?xml version="1.0" encoding="UTF-8"?>
<!-- Generated by org.testng.reporters.JUnitReportReporter -->
<testsuite hostname="Bharathi-PC" failures="0" tests="2" name="com.netbanking.testcases.TC_LoginTest001" time="129.186" errors="1" timestamp="31 Jan 2020 09:02:32 GMT" skipped="1">
  <testcase classname="com.netbanking.testcases.TC_LoginTest001" name="setUp" time="129.186">
    <error message="unknown error: unable to discover open pages
Build info: version: &#039;3.141.0&#039;, revision: &#039;2ecb7d9a&#039;, time: &#039;2018-10-31T20:09:30&#039;
System info: host: &#039;BHARATHI-PC&#039;, ip: &#039;192.168.1.193&#039;, os.name: &#039;Windows 7&#039;, os.arch: &#039;amd64&#039;, os.version: &#039;6.1&#039;, java.version: &#039;10.0.1&#039;
Driver info: driver.version: ChromeDriver
remote stacktrace: Backtrace:
	Ordinal0 [0x00E3A903+1550595]
	Ordinal0 [0x00DBA701+1025793]
	Ordinal0 [0x00D3C6E5+509669]
	Ordinal0 [0x00CCFBC4+64452]
	Ordinal0 [0x00CCC594+50580]
	Ordinal0 [0x00CEACE7+175335]
	Ordinal0 [0x00CEA8ED+174317]
	Ordinal0 [0x00CE8CDB+167131]
	Ordinal0 [0x00CD144A+70730]
	Ordinal0 [0x00CD24D0+74960]
	Ordinal0 [0x00CD2469+74857]
	Ordinal0 [0x00DD42C7+1131207]
	GetHandleVerifier [0x00ED70FD+523789]
	GetHandleVerifier [0x00ED6E90+523168]
	GetHandleVerifier [0x00EDE1E7+552695]
	GetHandleVerifier [0x00ED78FA+525834]
	Ordinal0 [0x00DCB7FC+1095676]
	Ordinal0 [0x00DD633B+1139515]
	Ordinal0 [0x00DD64A3+1139875]
	Ordinal0 [0x00DD5425+1135653]
	BaseThreadInitThunk [0x755D33CA+18]
	RtlInitializeExceptionChain [0x778E9ED2+99]
	RtlInitializeExceptionChain [0x778E9EA5+54]
" type="org.openqa.selenium.WebDriverException">
      <![CDATA[org.openqa.selenium.WebDriverException: unknown error: unable to discover open pages
Build info: version: '3.141.0', revision: '2ecb7d9a', time: '2018-10-31T20:09:30'
System info: host: 'BHARATHI-PC', ip: '192.168.1.193', os.name: 'Windows 7', os.arch: 'amd64', os.version: '6.1', java.version: '10.0.1'
Driver info: driver.version: ChromeDriver
remote stacktrace: Backtrace:
Ordinal0 [0x00E3A903+1550595]
Ordinal0 [0x00DBA701+1025793]
Ordinal0 [0x00D3C6E5+509669]
Ordinal0 [0x00CCFBC4+64452]
Ordinal0 [0x00CCC594+50580]
Ordinal0 [0x00CEACE7+175335]
Ordinal0 [0x00CEA8ED+174317]
Ordinal0 [0x00CE8CDB+167131]
Ordinal0 [0x00CD144A+70730]
Ordinal0 [0x00CD24D0+74960]
Ordinal0 [0x00CD2469+74857]
Ordinal0 [0x00DD42C7+1131207]
GetHandleVerifier [0x00ED70FD+523789]
GetHandleVerifier [0x00ED6E90+523168]
GetHandleVerifier [0x00EDE1E7+552695]
GetHandleVerifier [0x00ED78FA+525834]
Ordinal0 [0x00DCB7FC+1095676]
Ordinal0 [0x00DD633B+1139515]
Ordinal0 [0x00DD64A3+1139875]
Ordinal0 [0x00DD5425+1135653]
BaseThreadInitThunk [0x755D33CA+18]
RtlInitializeExceptionChain [0x778E9ED2+99]
RtlInitializeExceptionChain [0x778E9EA5+54]

at java.base/jdk.internal.reflect.NativeConstructorAccessorImpl.newInstance0(Native Method)
at java.base/jdk.internal.reflect.NativeConstructorAccessorImpl.newInstance(Unknown Source)
at java.base/jdk.internal.reflect.DelegatingConstructorAccessorImpl.newInstance(Unknown Source)
at java.base/java.lang.reflect.Constructor.newInstance(Unknown Source)
at org.openqa.selenium.remote.W3CHandshakeResponse.lambda$errorHandler$0(W3CHandshakeResponse.java:62)
at org.openqa.selenium.remote.HandshakeResponse.lambda$getResponseFunction$0(HandshakeResponse.java:30)
at org.openqa.selenium.remote.ProtocolHandshake.lambda$createSession$0(ProtocolHandshake.java:123)
at java.base/java.util.stream.ReferencePipeline$3$1.accept(Unknown Source)
at java.base/java.util.Spliterators$ArraySpliterator.tryAdvance(Unknown Source)
at java.base/java.util.stream.ReferencePipeline.forEachWithCancel(Unknown Source)
at java.base/java.util.stream.AbstractPipeline.copyIntoWithCancel(Unknown Source)
at java.base/java.util.stream.AbstractPipeline.copyInto(Unknown Source)
at java.base/java.util.stream.AbstractPipeline.wrapAndCopyInto(Unknown Source)
at java.base/java.util.stream.FindOps$FindOp.evaluateSequential(Unknown Source)
at java.base/java.util.stream.AbstractPipeline.evaluate(Unknown Source)
at java.base/java.util.stream.ReferencePipeline.findFirst(Unknown Source)
at org.openqa.selenium.remote.ProtocolHandshake.createSession(ProtocolHandshake.java:125)
at org.openqa.selenium.remote.ProtocolHandshake.createSession(ProtocolHandshake.java:74)
at org.openqa.selenium.remote.HttpCommandExecutor.execute(HttpCommandExecutor.java:136)
at org.openqa.selenium.remote.service.DriverCommandExecutor.execute(DriverCommandExecutor.java:83)
at org.openqa.selenium.remote.RemoteWebDriver.execute(RemoteWebDriver.java:552)
at org.openqa.selenium.remote.RemoteWebDriver.startSession(RemoteWebDriver.java:213)
at org.openqa.selenium.remote.RemoteWebDriver.<init>(RemoteWebDriver.java:131)
at org.openqa.selenium.chrome.ChromeDriver.<init>(ChromeDriver.java:181)
at org.openqa.selenium.chrome.ChromeDriver.<init>(ChromeDriver.java:168)
at org.openqa.selenium.chrome.ChromeDriver.<init>(ChromeDriver.java:123)
at com.netbanking.testcases.BaseClass.setUp(BaseClass.java:45)
at java.base/jdk.internal.reflect.NativeMethodAccessorImpl.invoke0(Native Method)
at java.base/jdk.internal.reflect.NativeMethodAccessorImpl.invoke(Unknown Source)
at java.base/jdk.internal.reflect.DelegatingMethodAccessorImpl.invoke(Unknown Source)
at java.base/java.lang.reflect.Method.invoke(Unknown Source)
at org.testng.internal.MethodInvocationHelper.invokeMethod(MethodInvocationHelper.java:124)
at org.testng.internal.MethodInvocationHelper.invokeMethodConsideringTimeout(MethodInvocationHelper.java:59)
at org.testng.internal.Invoker.invokeConfigurationMethod(Invoker.java:458)
at org.testng.internal.Invoker.invokeConfigurations(Invoker.java:222)
at org.testng.internal.Invoker.invokeConfigurations(Invoker.java:142)
at org.testng.internal.TestMethodWorker.invokeBeforeClassMethods(TestMethodWorker.java:168)
at org.testng.internal.TestMethodWorker.run(TestMethodWorker.java:105)
at org.testng.TestRunner.privateRun(TestRunner.java:648)
at org.testng.TestRunner.run(TestRunner.java:505)
at org.testng.SuiteRunner.runTest(SuiteRunner.java:455)
at org.testng.SuiteRunner.runSequentially(SuiteRunner.java:450)
at org.testng.SuiteRunner.privateRun(SuiteRunner.java:415)
at org.testng.SuiteRunner.run(SuiteRunner.java:364)
at org.testng.SuiteRunnerWorker.runSuite(SuiteRunnerWorker.java:52)
at org.testng.SuiteRunnerWorker.run(SuiteRunnerWorker.java:84)
at org.testng.TestNG.runSuitesSequentially(TestNG.java:1208)
at org.testng.TestNG.runSuitesLocally(TestNG.java:1137)
at org.testng.TestNG.runSuites(TestNG.java:1049)
at org.testng.TestNG.run(TestNG.java:1017)
at org.testng.remote.AbstractRemoteTestNG.run(AbstractRemoteTestNG.java:114)
at org.testng.remote.RemoteTestNG.initAndRun(RemoteTestNG.java:251)
at org.testng.remote.RemoteTestNG.main(RemoteTestNG.java:77)
]]>
    </error>
  </testcase> <!-- setUp -->
  <testcase classname="com.netbanking.testcases.TC_LoginTest001" name="loginTest" time="0.000">
    <skipped/>
  </testcase> <!-- loginTest -->
</testsuite> <!-- com.netbanking.testcases.TC_LoginTest001 -->
